<?xml version="1.0" encoding="UTF-8"?>
<testng-results skipped="0" failed="1" total="1" passed="0">
  <reporter-output>
  </reporter-output>
  <suite name="Default suite" duration-ms="778" started-at="2016-02-26T07:01:17Z" finished-at="2016-02-26T07:01:18Z">
    <groups>
    </groups>
    <test name="Default test" duration-ms="778" started-at="2016-02-26T07:01:17Z" finished-at="2016-02-26T07:01:18Z">
      <class name="com.mongodb.trial.test.TestCRUDSync">
        <test-method status="FAIL" signature="testInsert()[pri:0, instance:com.mongodb.trial.test.TestCRUDSync@5d3411d]" name="testInsert" duration-ms="765" started-at="2016-02-26T12:31:17Z" finished-at="2016-02-26T12:31:18Z">
          <exception class="java.lang.IllegalArgumentException">
            <message>
              <![CDATA[readPreference can not be null]]>
            </message>
            <full-stacktrace>
              <![CDATA[java.lang.IllegalArgumentException: readPreference can not be null
	at com.mongodb.assertions.Assertions.notNull(Assertions.java:37)
	at com.mongodb.async.client.MongoCollectionImpl.<init>(MongoCollectionImpl.java:98)
	at com.mongodb.async.client.MongoCollectionImpl.withReadPreference(MongoCollectionImpl.java:140)
	at com.mongodb.trial.impl.MongoAsyncDAO.<init>(MongoAsyncDAO.java:37)
	at com.mongodb.trial.impl.MongoAsyncDAO.<init>(MongoAsyncDAO.java:29)
	at com.mongodb.trial.impl.MongoAsyncDAO$Builder.build(MongoAsyncDAO.java:54)
	at com.mongodb.trial.test.TestCRUDSync.testInsert(TestCRUDSync.java:15)
	at sun.reflect.NativeMethodAccessorImpl.invoke0(Native Method)
	at sun.reflect.NativeMethodAccessorImpl.invoke(NativeMethodAccessorImpl.java:62)
	at sun.reflect.DelegatingMethodAccessorImpl.invoke(DelegatingMethodAccessorImpl.java:43)
	at java.lang.reflect.Method.invoke(Method.java:497)
	at org.testng.internal.MethodInvocationHelper.invokeMethod(MethodInvocationHelper.java:84)
	at org.testng.internal.Invoker.invokeMethod(Invoker.java:714)
	at org.testng.internal.Invoker.invokeTestMethod(Invoker.java:901)
	at org.testng.internal.Invoker.invokeTestMethods(Invoker.java:1231)
	at org.testng.internal.TestMethodWorker.invokeTestMethods(TestMethodWorker.java:127)
	at org.testng.internal.TestMethodWorker.run(TestMethodWorker.java:111)
	at org.testng.TestRunner.privateRun(TestRunner.java:767)
	at org.testng.TestRunner.run(TestRunner.java:617)
	at org.testng.SuiteRunner.runTest(SuiteRunner.java:334)
	at org.testng.SuiteRunner.runSequentially(SuiteRunner.java:329)
	at org.testng.SuiteRunner.privateRun(SuiteRunner.java:291)
	at org.testng.SuiteRunner.run(SuiteRunner.java:240)
	at org.testng.SuiteRunnerWorker.runSuite(SuiteRunnerWorker.java:52)
	at org.testng.SuiteRunnerWorker.run(SuiteRunnerWorker.java:86)
	at org.testng.TestNG.runSuitesSequentially(TestNG.java:1224)
	at org.testng.TestNG.runSuitesLocally(TestNG.java:1149)
	at org.testng.TestNG.run(TestNG.java:1057)
	at org.testng.remote.RemoteTestNG.run(RemoteTestNG.java:111)
	at org.testng.remote.RemoteTestNG.initAndRun(RemoteTestNG.java:204)
	at org.testng.remote.RemoteTestNG.main(RemoteTestNG.java:175)
]]>
            </full-stacktrace>
          </exception> <!-- java.lang.IllegalArgumentException -->
          <reporter-output>
          </reporter-output>
        </test-method> <!-- testInsert -->
      </class> <!-- com.mongodb.trial.test.TestCRUDSync -->
    </test> <!-- Default test -->
  </suite> <!-- Default suite -->
</testng-results>
