<?xml version="1.0" encoding="UTF-8"?>
<testng-results skipped="0" failed="0" total="1" passed="1">
  <reporter-output>
  </reporter-output>
  <suite name="Default suite" duration-ms="892" started-at="2016-02-25T16:39:28Z" finished-at="2016-02-25T16:39:28Z">
    <groups>
    </groups>
    <test name="Default test" duration-ms="892" started-at="2016-02-25T16:39:28Z" finished-at="2016-02-25T16:39:28Z">
      <class name="com.mongodb.trial.test.TestCRUDSync">
        <test-method status="PASS" signature="testInsert()[pri:0, instance:com.mongodb.trial.test.TestCRUDSync@5d3411d]" name="testInsert" duration-ms="876" started-at="2016-02-25T22:09:28Z" finished-at="2016-02-25T22:09:28Z">
          <reporter-output>
          </reporter-output>
        </test-method> <!-- testInsert -->
      </class> <!-- com.mongodb.trial.test.TestCRUDSync -->
    </test> <!-- Default test -->
  </suite> <!-- Default suite -->
</testng-results>
